2025-07-15 09:00:01 INFO  Application started: version=2.5.0
2025-07-15 09:02:10 INFO  User connected: user_id=1001 session_id=ABC123
2025-07-15 09:03:30 WARN  Invalid input received: user_id=1002 input=xyz
2025-07-15 09:04:15 ERROR Unable to process request: user_id=1003 error=timeout
2025-07-15 09:05:45 INFO  User connected: user_id=1004 session_id=DEF456
2025-07-15 09:06:20 INFO  Task started: task_id=56789 user_id=1005
2025-07-15 09:07:35 WARN  Configuration missing: task_id=56789 user_id=1005
2025-07-15 09:09:00 INFO  User disconnected: user_id=1001 session_id=ABC123
2025-07-15 09:10:30 INFO  Task completed: task_id=56789 user_id=1005 status=success
2025-07-15 09:12:00 ERROR File upload failed: user_id=1006 file=report.pdf
2025-07-15 09:13:10 INFO  User connected: user_id=1007 session_id=GHI789
2025-07-15 09:14:15 INFO  Task started: task_id=12345 user_id=1008
2025-07-15 09:15:20 ERROR Unable to connect to service: user_id=1008 service=db
2025-07-15 09:16:45 INFO  Task completed: task_id=12345 user_id=1008 status=failure
2025-07-15 09:18:05 WARN  Missing config file: user_id=1009 file=app.config
2025-07-15 09:19:30 INFO  User disconnected: user_id=1004 session_id=DEF456
2025-07-15 09:20:40 ERROR Database connection lost: task_id=12346 user_id=1010
2025-07-15 09:22:10 INFO  User connected: user_id=1011 session_id=JKL012
2025-07-15 09:23:15 INFO  Task started: task_id=98765 user_id=1012
2025-07-15 09:24:20 WARN  Task failure: task_id=98765 user_id=1012 error=timeout
2025-07-15 09:25:45 INFO  User connected: user_id=1013 session_id=MNO345
2025-07-15 09:27:00 INFO  Task completed: task_id=98765 user_id=1012 status=success
2025-07-15 09:28:30 ERROR Failed to send notification: user_id=1014 task_id=56788
2025-07-15 09:30:10 INFO  User disconnected: user_id=1007 session_id=GHI789
2025-07-15 09:31:15 INFO  User connected: user_id=1015 session_id=PQR678
2025-07-15 09:32:50 INFO  Task started: task_id=45612 user_id=1016
2025-07-15 09:34:10 INFO  Task completed: task_id=45612 user_id=1016 status=success
2025-07-15 09:35:30 ERROR Internal server error: user_id=1017 task_id=34567
2025-07-15 09:37:05 INFO  User disconnected: user_id=1011 session_id=JKL012
2025-07-15 09:38:20 INFO  Task started: task_id=78901 user_id=1018
2025-07-15 09:39:40 WARN  Task timeout: task_id=78901 user_id=1018
2025-07-15 09:41:00 INFO  User connected: user_id=1019 session_id=STU890
2025-07-15 09:42:20 INFO  Task completed: task_id=78901 user_id=1018 status=failure
2025-07-15 09:43:40 ERROR Service unavailable: task_id=11223 user_id=1020
2025-07-15 09:45:00 INFO  User disconnected: user_id=1015 session_id=PQR678
2025-07-15 09:46:10 INFO  Task started: task_id=34567 user_id=1021
2025-07-15 09:47:20 INFO  Task completed: task_id=34567 user_id=1021 status=success
2025-07-15 09:48:40 INFO  User connected: user_id=1022 session_id=VWX123
2025-07-15 09:49:50 WARN  Configuration missing: task_id=11223 user_id=1020

