2025-07-15 09:00:01 CRON[1090]: (root) CMD (/usr/bin/python3 /path/to/script.py)
2025-07-15 09:05:10 CRON[1120]: (user1) CMD (/bin/bash /path/to/script2.sh)
2025-07-15 09:10:00 CRON[1150]: (root) CMD (/bin/ls /path/to/directory)
2025-07-15 09:15:25 CRON[1180]: (user2) CMD (/usr/bin/python3 /path/to/other_script.py)
2025-07-15 09:20:15 CRON[1210]: (root) CMD (/bin/echo Backup started)
2025-07-15 09:25:40 CRON[1240]: (user1) CMD (/bin/bash /path/to/cleanup.sh)
2025-07-15 09:30:30 CRON[1270]: (root) CMD (/usr/bin/python3 /path/to/backup.py)
2025-07-15 09:35:10 CRON[1300]: (user3) CMD (/usr/bin/python3 /path/to/script.py)
2025-07-15 09:40:05 CRON[1330]: (root) CMD (/bin/ls /var/log/)
2025-07-15 09:45:00 CRON[1360]: (user2) CMD (/bin/bash /path/to/cleanup.sh)
2025-07-15 09:50:10 CRON[1390]: (root) CMD (/bin/echo Backup completed)
2025-07-15 09:55:25 CRON[1420]: (user1) CMD (/usr/bin/python3 /path/to/script.py)
2025-07-15 10:00:00 CRON[1450]: (root) CMD (/bin/ls /tmp/)
2025-07-15 10:05:30 CRON[1480]: (user3) CMD (/usr/bin/python3 /path/to/data_process.py)
2025-07-15 10:10:15 CRON[1510]: (root) CMD (/bin/bash /path/to/cleanup.sh)
2025-07-15 10:15:00 CRON[1540]: (user2) CMD (/usr/bin/python3 /path/to/backup.py)
2025-07-15 10:20:25 CRON[1570]: (root) CMD (/bin/echo System maintenance)
2025-07-15 10:25:10 CRON[1600]: (user1) CMD (/usr/bin/python3 /path/to/scheduled_task.py)
2025-07-15 10:30:30 CRON[1630]: (root) CMD (/bin/ls /var/tmp/)
2025-07-15 10:35:00 CRON[1660]: (user3) CMD (/bin/bash /path/to/restart_service.sh)
2025-07-15 10:40:10 CRON[1690]: (root) CMD (/bin/echo Backup started)
2025-07-15 10:45:25 CRON[1720]: (user2) CMD (/usr/bin/python3 /path/to/report_generator.py)
2025-07-15 10:50:05 CRON[1750]: (root) CMD (/bin/bash /path/to/cleanup.sh)
2025-07-15 10:55:00 CRON[1780]: (user1) CMD (/usr/bin/python3 /path/to/scheduled_task.py)
2025-07-15 11:00:30 CRON[1810]: (root) CMD (/bin/ls /home/)
2025-07-15 11:05:10 CRON[1840]: (user3) CMD (/usr/bin/python3 /path/to/task_scheduler.py)

